#-----------------------------------------------------------
# Vivado v2014.2 (64-bit)
# SW Build 932637 on Wed Jun 11 13:12:34 MDT 2014
# IP Build 924643 on Fri May 30 09:20:16 MDT 2014
# Start of session at: Thu Nov 20 16:03:41 2014
# Process ID: 91716
# Log file: /scratch/skarandikar/fpga-zynq/zc706/zc706_rocketchip/vivado.log
# Journal file: /scratch/skarandikar/fpga-zynq/zc706/zc706_rocketchip/vivado.jou
#-----------------------------------------------------------
start_gui
open_project zc706_rocketchip.xpr
Scanning sources...
Finished scanning sources
WARNING: [filemgmt 20-1763] Vivado Synthesis ignores library specification for Verilog or SystemVerilog files. [/scratch/skarandikar/fpga-zynq/zc706/zc706_rocketchip/zc706_rocketchip.srcs/sources_1/imports/example_design/fifo/tri_mode_ethernet_mac_0_bram_tdp.v]
WARNING: [filemgmt 20-1763] Vivado Synthesis ignores library specification for Verilog or SystemVerilog files. [/scratch/skarandikar/fpga-zynq/zc706/zc706_rocketchip/zc706_rocketchip.srcs/sources_1/imports/common/tri_mode_ethernet_mac_0_sync_block.v]
WARNING: [filemgmt 20-1763] Vivado Synthesis ignores library specification for Verilog or SystemVerilog files. [/scratch/skarandikar/fpga-zynq/zc706/zc706_rocketchip/zc706_rocketchip.srcs/sources_1/imports/example_design/fifo/tri_mode_ethernet_mac_0_tx_client_fifo.v]
WARNING: [filemgmt 20-1763] Vivado Synthesis ignores library specification for Verilog or SystemVerilog files. [/scratch/skarandikar/fpga-zynq/zc706/zc706_rocketchip/zc706_rocketchip.srcs/sources_1/imports/example_design/fifo/tri_mode_ethernet_mac_0_rx_client_fifo.v]
WARNING: [filemgmt 20-1763] Vivado Synthesis ignores library specification for Verilog or SystemVerilog files. [/scratch/skarandikar/fpga-zynq/zc706/zc706_rocketchip/zc706_rocketchip.srcs/sources_1/imports/example_design/support/tri_mode_ethernet_mac_0_support.v]
WARNING: [filemgmt 20-1763] Vivado Synthesis ignores library specification for Verilog or SystemVerilog files. [/scratch/skarandikar/fpga-zynq/zc706/zc706_rocketchip/zc706_rocketchip.srcs/sources_1/imports/example_design/fifo/tri_mode_ethernet_mac_0_ten_100_1g_eth_fifo.v]
WARNING: [filemgmt 20-1763] Vivado Synthesis ignores library specification for Verilog or SystemVerilog files. [/scratch/skarandikar/fpga-zynq/zc706/zc706_rocketchip/zc706_rocketchip.srcs/sources_1/imports/common/tri_mode_ethernet_mac_0_reset_sync.v]
WARNING: [filemgmt 20-1763] Vivado Synthesis ignores library specification for Verilog or SystemVerilog files. [/scratch/skarandikar/fpga-zynq/zc706/zc706_rocketchip/zc706_rocketchip.srcs/sources_1/imports/example_design/tri_mode_ethernet_mac_0_fifo_block.v]
WARNING: [filemgmt 20-1763] Vivado Synthesis ignores library specification for Verilog or SystemVerilog files. [/scratch/skarandikar/fpga-zynq/zc706/src/verilog/Top.DefaultFPGAConfig.v]
WARNING: [filemgmt 20-1763] Vivado Synthesis ignores library specification for Verilog or SystemVerilog files. [/scratch/skarandikar/fpga-zynq/zc706/src/verilog/clocking.vh]
WARNING: [filemgmt 20-1763] Vivado Synthesis ignores library specification for Verilog or SystemVerilog files. [/scratch/skarandikar/fpga-zynq/zc706/src/verilog/rocketchip_wrapper.v]
INFO: [IP_Flow 19-234] Refreshing IP repositories
INFO: [IP_Flow 19-1704] No user IP repositories specified
INFO: [IP_Flow 19-2313] Loaded Vivado IP repository '/ecad/tools/xilinx/Vivado/2014.2/data/ip'.
open_project: Time (s): cpu = 00:00:21 ; elapsed = 00:00:06 . Memory (MB): peak = 4812.992 ; gain = 190.688
reset_run synth_1
launch_runs impl_1 -to_step write_bitstream
WARNING: [filemgmt 20-1763] Vivado Synthesis ignores library specification for Verilog or SystemVerilog files. [/scratch/skarandikar/fpga-zynq/zc706/zc706_rocketchip/zc706_rocketchip.srcs/sources_1/imports/example_design/fifo/tri_mode_ethernet_mac_0_bram_tdp.v]
WARNING: [filemgmt 20-1763] Vivado Synthesis ignores library specification for Verilog or SystemVerilog files. [/scratch/skarandikar/fpga-zynq/zc706/zc706_rocketchip/zc706_rocketchip.srcs/sources_1/imports/common/tri_mode_ethernet_mac_0_sync_block.v]
WARNING: [filemgmt 20-1763] Vivado Synthesis ignores library specification for Verilog or SystemVerilog files. [/scratch/skarandikar/fpga-zynq/zc706/zc706_rocketchip/zc706_rocketchip.srcs/sources_1/imports/example_design/fifo/tri_mode_ethernet_mac_0_tx_client_fifo.v]
WARNING: [filemgmt 20-1763] Vivado Synthesis ignores library specification for Verilog or SystemVerilog files. [/scratch/skarandikar/fpga-zynq/zc706/zc706_rocketchip/zc706_rocketchip.srcs/sources_1/imports/example_design/fifo/tri_mode_ethernet_mac_0_rx_client_fifo.v]
WARNING: [filemgmt 20-1763] Vivado Synthesis ignores library specification for Verilog or SystemVerilog files. [/scratch/skarandikar/fpga-zynq/zc706/zc706_rocketchip/zc706_rocketchip.srcs/sources_1/imports/example_design/support/tri_mode_ethernet_mac_0_support.v]
WARNING: [filemgmt 20-1763] Vivado Synthesis ignores library specification for Verilog or SystemVerilog files. [/scratch/skarandikar/fpga-zynq/zc706/zc706_rocketchip/zc706_rocketchip.srcs/sources_1/imports/example_design/fifo/tri_mode_ethernet_mac_0_ten_100_1g_eth_fifo.v]
WARNING: [filemgmt 20-1763] Vivado Synthesis ignores library specification for Verilog or SystemVerilog files. [/scratch/skarandikar/fpga-zynq/zc706/zc706_rocketchip/zc706_rocketchip.srcs/sources_1/imports/common/tri_mode_ethernet_mac_0_reset_sync.v]
WARNING: [filemgmt 20-1763] Vivado Synthesis ignores library specification for Verilog or SystemVerilog files. [/scratch/skarandikar/fpga-zynq/zc706/zc706_rocketchip/zc706_rocketchip.srcs/sources_1/imports/example_design/tri_mode_ethernet_mac_0_fifo_block.v]
WARNING: [filemgmt 20-1763] Vivado Synthesis ignores library specification for Verilog or SystemVerilog files. [/scratch/skarandikar/fpga-zynq/zc706/src/verilog/Top.DefaultFPGAConfig.v]
WARNING: [filemgmt 20-1763] Vivado Synthesis ignores library specification for Verilog or SystemVerilog files. [/scratch/skarandikar/fpga-zynq/zc706/src/verilog/clocking.vh]
WARNING: [filemgmt 20-1763] Vivado Synthesis ignores library specification for Verilog or SystemVerilog files. [/scratch/skarandikar/fpga-zynq/zc706/src/verilog/rocketchip_wrapper.v]
INFO: [Memdata 28-152] Did  not create MIG processor data. /scratch/skarandikar/fpga-zynq/zc706/zc706_rocketchip/zc706_rocketchip.srcs/sources_1/ip/gig_ethernet_pcs_pma_0/gig_ethernet_pcs_pma_0.xci
INFO: [Memdata 28-152] Did  not create MIG processor data. /scratch/skarandikar/fpga-zynq/zc706/zc706_rocketchip/zc706_rocketchip.srcs/sources_1/ip/tri_mode_ethernet_mac_0/tri_mode_ethernet_mac_0.xci
INFO: [Memdata 28-152] Did  not create MIG processor data. /scratch/skarandikar/fpga-zynq/zc706/zc706_rocketchip/zc706_rocketchip.srcs/sources_1/ip/ila_0/ila_0.xci
INFO: [Memdata 28-152] Did  not create MIG processor data. /scratch/skarandikar/fpga-zynq/zc706/zc706_rocketchip/zc706_rocketchip.srcs/sources_1/bd/system/ip/system_axi_interconnect_0_0/system_axi_interconnect_0_0.xci
INFO: [Memdata 28-152] Did  not create MIG processor data. /scratch/skarandikar/fpga-zynq/zc706/zc706_rocketchip/zc706_rocketchip.srcs/sources_1/bd/system/ip/system_axi_interconnect_1_0/system_axi_interconnect_1_0.xci
INFO: [Memdata 28-152] Did  not create MIG processor data. /scratch/skarandikar/fpga-zynq/zc706/zc706_rocketchip/zc706_rocketchip.srcs/sources_1/bd/system/ip/system_proc_sys_reset_0_0/system_proc_sys_reset_0_0.xci
INFO: [Memdata 28-152] Did  not create MIG processor data. /scratch/skarandikar/fpga-zynq/zc706/zc706_rocketchip/zc706_rocketchip.srcs/sources_1/bd/system/ip/system_processing_system7_0_0/system_processing_system7_0_0.xci
INFO: [Memdata 28-152] Did  not create MIG processor data. /scratch/skarandikar/fpga-zynq/zc706/zc706_rocketchip/zc706_rocketchip.srcs/sources_1/bd/system/ip/system_auto_pc_0/system_auto_pc_0.xci
INFO: [Memdata 28-152] Did  not create MIG processor data. /scratch/skarandikar/fpga-zynq/zc706/zc706_rocketchip/zc706_rocketchip.srcs/sources_1/bd/system/ip/system_auto_pc_1/system_auto_pc_1.xci
INFO: [Memdata 28-152] Did  not create MIG processor data. /scratch/skarandikar/fpga-zynq/zc706/zc706_rocketchip/zc706_rocketchip.srcs/sources_1/ip/gig_ethernet_pcs_pma_0/gig_ethernet_pcs_pma_0.xci
INFO: [Memdata 28-152] Did  not create MIG processor data. /scratch/skarandikar/fpga-zynq/zc706/zc706_rocketchip/zc706_rocketchip.srcs/sources_1/ip/tri_mode_ethernet_mac_0/tri_mode_ethernet_mac_0.xci
INFO: [Memdata 28-152] Did  not create MIG processor data. /scratch/skarandikar/fpga-zynq/zc706/zc706_rocketchip/zc706_rocketchip.srcs/sources_1/ip/ila_0/ila_0.xci
INFO: [Memdata 28-152] Did  not create MIG processor data. /scratch/skarandikar/fpga-zynq/zc706/zc706_rocketchip/zc706_rocketchip.srcs/sources_1/bd/system/ip/system_axi_interconnect_0_0/system_axi_interconnect_0_0.xci
INFO: [Memdata 28-152] Did  not create MIG processor data. /scratch/skarandikar/fpga-zynq/zc706/zc706_rocketchip/zc706_rocketchip.srcs/sources_1/bd/system/ip/system_axi_interconnect_1_0/system_axi_interconnect_1_0.xci
INFO: [Memdata 28-152] Did  not create MIG processor data. /scratch/skarandikar/fpga-zynq/zc706/zc706_rocketchip/zc706_rocketchip.srcs/sources_1/bd/system/ip/system_proc_sys_reset_0_0/system_proc_sys_reset_0_0.xci
INFO: [Memdata 28-152] Did  not create MIG processor data. /scratch/skarandikar/fpga-zynq/zc706/zc706_rocketchip/zc706_rocketchip.srcs/sources_1/bd/system/ip/system_processing_system7_0_0/system_processing_system7_0_0.xci
INFO: [Memdata 28-152] Did  not create MIG processor data. /scratch/skarandikar/fpga-zynq/zc706/zc706_rocketchip/zc706_rocketchip.srcs/sources_1/bd/system/ip/system_auto_pc_0/system_auto_pc_0.xci
INFO: [Memdata 28-152] Did  not create MIG processor data. /scratch/skarandikar/fpga-zynq/zc706/zc706_rocketchip/zc706_rocketchip.srcs/sources_1/bd/system/ip/system_auto_pc_1/system_auto_pc_1.xci
[Thu Nov 20 16:06:27 2014] Launched synth_1...
Run output will be captured here: /scratch/skarandikar/fpga-zynq/zc706/zc706_rocketchip/zc706_rocketchip.runs/synth_1/runme.log
[Thu Nov 20 16:06:27 2014] Launched impl_1...
Run output will be captured here: /scratch/skarandikar/fpga-zynq/zc706/zc706_rocketchip/zc706_rocketchip.runs/impl_1/runme.log
open_run impl_1
INFO: [Netlist 29-17] Analyzing 1591 Unisim elements for replacement
INFO: [Netlist 29-28] Unisim Transformation completed in 0 CPU seconds
INFO: [Project 1-479] Netlist was created with Vivado 2014.2
Loading clock regions from /ecad/tools/xilinx/Vivado/2014.2/data/parts/xilinx/zynq/zynq/xc7z045/ClockRegion.xml
Loading clock buffers from /ecad/tools/xilinx/Vivado/2014.2/data/parts/xilinx/zynq/zynq/xc7z045/ClockBuffers.xml
Loading clock placement rules from /ecad/tools/xilinx/Vivado/2014.2/data/parts/xilinx/zynq/ClockPlacerRules.xml
Loading package pin functions from /ecad/tools/xilinx/Vivado/2014.2/data/parts/xilinx/zynq/PinFunctions.xml...
Loading package from /ecad/tools/xilinx/Vivado/2014.2/data/parts/xilinx/zynq/zynq/xc7z045/ffg900/Package.xml
Loading io standards from /ecad/tools/xilinx/Vivado/2014.2/data/./parts/xilinx/zynq/IOStandards.xml
Parsing XDC File [/scratch/skarandikar/fpga-zynq/zc706/zc706_rocketchip/.Xil/Vivado-91716-a8/dcp/rocketchip_wrapper_early.xdc]
Finished Parsing XDC File [/scratch/skarandikar/fpga-zynq/zc706/zc706_rocketchip/.Xil/Vivado-91716-a8/dcp/rocketchip_wrapper_early.xdc]
Parsing XDC File [/scratch/skarandikar/fpga-zynq/zc706/zc706_rocketchip/.Xil/Vivado-91716-a8/dcp/rocketchip_wrapper.xdc]
INFO: [Timing 38-35] Done setting XDC timing constraints. [/scratch/skarandikar/fpga-zynq/zc706/zc706_rocketchip/zc706_rocketchip.cache/30cf66ef/labtools_xsdb_master_lib.xdc:13]
INFO: [Timing 38-2] Deriving generated clocks [/scratch/skarandikar/fpga-zynq/zc706/zc706_rocketchip/zc706_rocketchip.cache/30cf66ef/labtools_xsdb_master_lib.xdc:13]
get_clocks: Time (s): cpu = 00:00:14 ; elapsed = 00:00:13 . Memory (MB): peak = 5685.172 ; gain = 504.281
Finished Parsing XDC File [/scratch/skarandikar/fpga-zynq/zc706/zc706_rocketchip/.Xil/Vivado-91716-a8/dcp/rocketchip_wrapper.xdc]
Parsing XDC File [/scratch/skarandikar/fpga-zynq/zc706/zc706_rocketchip/.Xil/Vivado-91716-a8/dcp/rocketchip_wrapper_late.xdc]
Finished Parsing XDC File [/scratch/skarandikar/fpga-zynq/zc706/zc706_rocketchip/.Xil/Vivado-91716-a8/dcp/rocketchip_wrapper_late.xdc]
Reading XDEF placement.
Reading XDEF routing.
Read XDEF File: Time (s): cpu = 00:00:02 ; elapsed = 00:00:02 . Memory (MB): peak = 5719.176 ; gain = 34.004
Restoring placement.
Restored 11819 out of 11819 XDEF sites from archive | CPU: 7.530000 secs | Memory: 95.089958 MB |
INFO: [Opt 31-138] Pushed 0 inverter(s) to 0 load pin(s).
INFO: [Memdata 28-152] Did  not create MIG processor data. /scratch/skarandikar/fpga-zynq/zc706/zc706_rocketchip/zc706_rocketchip.srcs/sources_1/ip/gig_ethernet_pcs_pma_0/gig_ethernet_pcs_pma_0.xci
INFO: [Memdata 28-152] Did  not create MIG processor data. /scratch/skarandikar/fpga-zynq/zc706/zc706_rocketchip/zc706_rocketchip.srcs/sources_1/ip/tri_mode_ethernet_mac_0/tri_mode_ethernet_mac_0.xci
INFO: [Memdata 28-152] Did  not create MIG processor data. /scratch/skarandikar/fpga-zynq/zc706/zc706_rocketchip/zc706_rocketchip.srcs/sources_1/ip/ila_0/ila_0.xci
INFO: [Memdata 28-152] Did  not create MIG processor data. /scratch/skarandikar/fpga-zynq/zc706/zc706_rocketchip/zc706_rocketchip.srcs/sources_1/bd/system/ip/system_axi_interconnect_0_0/system_axi_interconnect_0_0.xci
INFO: [Memdata 28-152] Did  not create MIG processor data. /scratch/skarandikar/fpga-zynq/zc706/zc706_rocketchip/zc706_rocketchip.srcs/sources_1/bd/system/ip/system_axi_interconnect_1_0/system_axi_interconnect_1_0.xci
INFO: [Memdata 28-152] Did  not create MIG processor data. /scratch/skarandikar/fpga-zynq/zc706/zc706_rocketchip/zc706_rocketchip.srcs/sources_1/bd/system/ip/system_proc_sys_reset_0_0/system_proc_sys_reset_0_0.xci
INFO: [Memdata 28-152] Did  not create MIG processor data. /scratch/skarandikar/fpga-zynq/zc706/zc706_rocketchip/zc706_rocketchip.srcs/sources_1/bd/system/ip/system_processing_system7_0_0/system_processing_system7_0_0.xci
INFO: [Memdata 28-152] Did  not create MIG processor data. /scratch/skarandikar/fpga-zynq/zc706/zc706_rocketchip/zc706_rocketchip.srcs/sources_1/bd/system/ip/system_auto_pc_0/system_auto_pc_0.xci
INFO: [Memdata 28-152] Did  not create MIG processor data. /scratch/skarandikar/fpga-zynq/zc706/zc706_rocketchip/zc706_rocketchip.srcs/sources_1/bd/system/ip/system_auto_pc_1/system_auto_pc_1.xci
INFO: [Memdata 28-152] Did  not create MIG processor data. /scratch/skarandikar/fpga-zynq/zc706/zc706_rocketchip/zc706_rocketchip.srcs/sources_1/ip/gig_ethernet_pcs_pma_0/gig_ethernet_pcs_pma_0.xci
INFO: [Memdata 28-152] Did  not create MIG processor data. /scratch/skarandikar/fpga-zynq/zc706/zc706_rocketchip/zc706_rocketchip.srcs/sources_1/ip/tri_mode_ethernet_mac_0/tri_mode_ethernet_mac_0.xci
INFO: [Memdata 28-152] Did  not create MIG processor data. /scratch/skarandikar/fpga-zynq/zc706/zc706_rocketchip/zc706_rocketchip.srcs/sources_1/ip/ila_0/ila_0.xci
INFO: [Memdata 28-152] Did  not create MIG processor data. /scratch/skarandikar/fpga-zynq/zc706/zc706_rocketchip/zc706_rocketchip.srcs/sources_1/bd/system/ip/system_axi_interconnect_0_0/system_axi_interconnect_0_0.xci
INFO: [Memdata 28-152] Did  not create MIG processor data. /scratch/skarandikar/fpga-zynq/zc706/zc706_rocketchip/zc706_rocketchip.srcs/sources_1/bd/system/ip/system_axi_interconnect_1_0/system_axi_interconnect_1_0.xci
INFO: [Memdata 28-152] Did  not create MIG processor data. /scratch/skarandikar/fpga-zynq/zc706/zc706_rocketchip/zc706_rocketchip.srcs/sources_1/bd/system/ip/system_proc_sys_reset_0_0/system_proc_sys_reset_0_0.xci
INFO: [Memdata 28-152] Did  not create MIG processor data. /scratch/skarandikar/fpga-zynq/zc706/zc706_rocketchip/zc706_rocketchip.srcs/sources_1/bd/system/ip/system_processing_system7_0_0/system_processing_system7_0_0.xci
INFO: [Memdata 28-152] Did  not create MIG processor data. /scratch/skarandikar/fpga-zynq/zc706/zc706_rocketchip/zc706_rocketchip.srcs/sources_1/bd/system/ip/system_auto_pc_0/system_auto_pc_0.xci
INFO: [Memdata 28-152] Did  not create MIG processor data. /scratch/skarandikar/fpga-zynq/zc706/zc706_rocketchip/zc706_rocketchip.srcs/sources_1/bd/system/ip/system_auto_pc_1/system_auto_pc_1.xci
INFO: [Project 1-111] Unisim Transformation Summary:
  A total of 592 instances were transformed.
  CFGLUT5 => CFGLUT5 (SRLC32E, SRL16E): 164 instances
  RAM128X1D => RAM128X1D (RAMD64E, RAMD64E, MUXF7, MUXF7, RAMD64E, RAMD64E): 2 instances
  RAM16X1D => RAM32X1D (RAMD32, RAMD32): 1 instances
  RAM32M => RAM32M (RAMD32, RAMD32, RAMD32, RAMD32, RAMD32, RAMD32, RAMS32, RAMS32): 329 instances
  RAM64X1D => RAM64X1D (RAMD64E, RAMD64E): 96 instances

open_run: Time (s): cpu = 00:01:14 ; elapsed = 00:00:49 . Memory (MB): peak = 6009.582 ; gain = 1190.582
report_timing_summary -delay_type min_max -report_unconstrained -check_timing_verbose -max_paths 10 -input_pins -name timing_1
INFO: [Timing 38-91] UpdateTimingParams: Speed grade: -2, Delay Type: min_max, Constraints type: SDC.
INFO: [Timing 38-191] Multithreading enabled for timing update using a maximum of 8 CPUs
report_timing_summary: Time (s): cpu = 00:00:48 ; elapsed = 00:00:13 . Memory (MB): peak = 6220.883 ; gain = 198.629
reset_run synth_1
launch_runs impl_1 -to_step write_bitstream
WARNING: [filemgmt 20-1763] Vivado Synthesis ignores library specification for Verilog or SystemVerilog files. [/scratch/skarandikar/fpga-zynq/zc706/zc706_rocketchip/zc706_rocketchip.srcs/sources_1/imports/example_design/fifo/tri_mode_ethernet_mac_0_bram_tdp.v]
WARNING: [filemgmt 20-1763] Vivado Synthesis ignores library specification for Verilog or SystemVerilog files. [/scratch/skarandikar/fpga-zynq/zc706/zc706_rocketchip/zc706_rocketchip.srcs/sources_1/imports/common/tri_mode_ethernet_mac_0_sync_block.v]
WARNING: [filemgmt 20-1763] Vivado Synthesis ignores library specification for Verilog or SystemVerilog files. [/scratch/skarandikar/fpga-zynq/zc706/zc706_rocketchip/zc706_rocketchip.srcs/sources_1/imports/example_design/fifo/tri_mode_ethernet_mac_0_tx_client_fifo.v]
WARNING: [filemgmt 20-1763] Vivado Synthesis ignores library specification for Verilog or SystemVerilog files. [/scratch/skarandikar/fpga-zynq/zc706/zc706_rocketchip/zc706_rocketchip.srcs/sources_1/imports/example_design/fifo/tri_mode_ethernet_mac_0_rx_client_fifo.v]
WARNING: [filemgmt 20-1763] Vivado Synthesis ignores library specification for Verilog or SystemVerilog files. [/scratch/skarandikar/fpga-zynq/zc706/zc706_rocketchip/zc706_rocketchip.srcs/sources_1/imports/example_design/support/tri_mode_ethernet_mac_0_support.v]
WARNING: [filemgmt 20-1763] Vivado Synthesis ignores library specification for Verilog or SystemVerilog files. [/scratch/skarandikar/fpga-zynq/zc706/zc706_rocketchip/zc706_rocketchip.srcs/sources_1/imports/example_design/fifo/tri_mode_ethernet_mac_0_ten_100_1g_eth_fifo.v]
WARNING: [filemgmt 20-1763] Vivado Synthesis ignores library specification for Verilog or SystemVerilog files. [/scratch/skarandikar/fpga-zynq/zc706/zc706_rocketchip/zc706_rocketchip.srcs/sources_1/imports/common/tri_mode_ethernet_mac_0_reset_sync.v]
WARNING: [filemgmt 20-1763] Vivado Synthesis ignores library specification for Verilog or SystemVerilog files. [/scratch/skarandikar/fpga-zynq/zc706/zc706_rocketchip/zc706_rocketchip.srcs/sources_1/imports/example_design/tri_mode_ethernet_mac_0_fifo_block.v]
WARNING: [filemgmt 20-1763] Vivado Synthesis ignores library specification for Verilog or SystemVerilog files. [/scratch/skarandikar/fpga-zynq/zc706/src/verilog/Top.DefaultFPGAConfig.v]
WARNING: [filemgmt 20-1763] Vivado Synthesis ignores library specification for Verilog or SystemVerilog files. [/scratch/skarandikar/fpga-zynq/zc706/src/verilog/clocking.vh]
WARNING: [filemgmt 20-1763] Vivado Synthesis ignores library specification for Verilog or SystemVerilog files. [/scratch/skarandikar/fpga-zynq/zc706/src/verilog/rocketchip_wrapper.v]
INFO: [Memdata 28-152] Did  not create MIG processor data. /scratch/skarandikar/fpga-zynq/zc706/zc706_rocketchip/zc706_rocketchip.srcs/sources_1/ip/gig_ethernet_pcs_pma_0/gig_ethernet_pcs_pma_0.xci
INFO: [Memdata 28-152] Did  not create MIG processor data. /scratch/skarandikar/fpga-zynq/zc706/zc706_rocketchip/zc706_rocketchip.srcs/sources_1/ip/tri_mode_ethernet_mac_0/tri_mode_ethernet_mac_0.xci
INFO: [Memdata 28-152] Did  not create MIG processor data. /scratch/skarandikar/fpga-zynq/zc706/zc706_rocketchip/zc706_rocketchip.srcs/sources_1/ip/ila_0/ila_0.xci
INFO: [Memdata 28-152] Did  not create MIG processor data. /scratch/skarandikar/fpga-zynq/zc706/zc706_rocketchip/zc706_rocketchip.srcs/sources_1/bd/system/ip/system_axi_interconnect_0_0/system_axi_interconnect_0_0.xci
INFO: [Memdata 28-152] Did  not create MIG processor data. /scratch/skarandikar/fpga-zynq/zc706/zc706_rocketchip/zc706_rocketchip.srcs/sources_1/bd/system/ip/system_axi_interconnect_1_0/system_axi_interconnect_1_0.xci
INFO: [Memdata 28-152] Did  not create MIG processor data. /scratch/skarandikar/fpga-zynq/zc706/zc706_rocketchip/zc706_rocketchip.srcs/sources_1/bd/system/ip/system_proc_sys_reset_0_0/system_proc_sys_reset_0_0.xci
INFO: [Memdata 28-152] Did  not create MIG processor data. /scratch/skarandikar/fpga-zynq/zc706/zc706_rocketchip/zc706_rocketchip.srcs/sources_1/bd/system/ip/system_processing_system7_0_0/system_processing_system7_0_0.xci
INFO: [Memdata 28-152] Did  not create MIG processor data. /scratch/skarandikar/fpga-zynq/zc706/zc706_rocketchip/zc706_rocketchip.srcs/sources_1/bd/system/ip/system_auto_pc_0/system_auto_pc_0.xci
INFO: [Memdata 28-152] Did  not create MIG processor data. /scratch/skarandikar/fpga-zynq/zc706/zc706_rocketchip/zc706_rocketchip.srcs/sources_1/bd/system/ip/system_auto_pc_1/system_auto_pc_1.xci
INFO: [Memdata 28-152] Did  not create MIG processor data. /scratch/skarandikar/fpga-zynq/zc706/zc706_rocketchip/zc706_rocketchip.srcs/sources_1/ip/gig_ethernet_pcs_pma_0/gig_ethernet_pcs_pma_0.xci
INFO: [Memdata 28-152] Did  not create MIG processor data. /scratch/skarandikar/fpga-zynq/zc706/zc706_rocketchip/zc706_rocketchip.srcs/sources_1/ip/tri_mode_ethernet_mac_0/tri_mode_ethernet_mac_0.xci
INFO: [Memdata 28-152] Did  not create MIG processor data. /scratch/skarandikar/fpga-zynq/zc706/zc706_rocketchip/zc706_rocketchip.srcs/sources_1/ip/ila_0/ila_0.xci
INFO: [Memdata 28-152] Did  not create MIG processor data. /scratch/skarandikar/fpga-zynq/zc706/zc706_rocketchip/zc706_rocketchip.srcs/sources_1/bd/system/ip/system_axi_interconnect_0_0/system_axi_interconnect_0_0.xci
INFO: [Memdata 28-152] Did  not create MIG processor data. /scratch/skarandikar/fpga-zynq/zc706/zc706_rocketchip/zc706_rocketchip.srcs/sources_1/bd/system/ip/system_axi_interconnect_1_0/system_axi_interconnect_1_0.xci
INFO: [Memdata 28-152] Did  not create MIG processor data. /scratch/skarandikar/fpga-zynq/zc706/zc706_rocketchip/zc706_rocketchip.srcs/sources_1/bd/system/ip/system_proc_sys_reset_0_0/system_proc_sys_reset_0_0.xci
INFO: [Memdata 28-152] Did  not create MIG processor data. /scratch/skarandikar/fpga-zynq/zc706/zc706_rocketchip/zc706_rocketchip.srcs/sources_1/bd/system/ip/system_processing_system7_0_0/system_processing_system7_0_0.xci
INFO: [Memdata 28-152] Did  not create MIG processor data. /scratch/skarandikar/fpga-zynq/zc706/zc706_rocketchip/zc706_rocketchip.srcs/sources_1/bd/system/ip/system_auto_pc_0/system_auto_pc_0.xci
INFO: [Memdata 28-152] Did  not create MIG processor data. /scratch/skarandikar/fpga-zynq/zc706/zc706_rocketchip/zc706_rocketchip.srcs/sources_1/bd/system/ip/system_auto_pc_1/system_auto_pc_1.xci
[Thu Nov 20 16:30:39 2014] Launched synth_1...
Run output will be captured here: /scratch/skarandikar/fpga-zynq/zc706/zc706_rocketchip/zc706_rocketchip.runs/synth_1/runme.log
[Thu Nov 20 16:30:39 2014] Launched impl_1...
Run output will be captured here: /scratch/skarandikar/fpga-zynq/zc706/zc706_rocketchip/zc706_rocketchip.runs/impl_1/runme.log
refresh_design
INFO: [Netlist 29-17] Analyzing 1591 Unisim elements for replacement
INFO: [Netlist 29-28] Unisim Transformation completed in 0 CPU seconds
INFO: [Project 1-479] Netlist was created with Vivado 2014.2
Parsing XDC File [/scratch/skarandikar/fpga-zynq/zc706/zc706_rocketchip/.Xil/Vivado-91716-a8/dcp/rocketchip_wrapper_early.xdc]
Finished Parsing XDC File [/scratch/skarandikar/fpga-zynq/zc706/zc706_rocketchip/.Xil/Vivado-91716-a8/dcp/rocketchip_wrapper_early.xdc]
Parsing XDC File [/scratch/skarandikar/fpga-zynq/zc706/zc706_rocketchip/.Xil/Vivado-91716-a8/dcp/rocketchip_wrapper.xdc]
INFO: [Timing 38-35] Done setting XDC timing constraints. [/scratch/skarandikar/fpga-zynq/zc706/zc706_rocketchip/zc706_rocketchip.cache/30cf66ef/labtools_xsdb_master_lib.xdc:13]
INFO: [Timing 38-2] Deriving generated clocks [/scratch/skarandikar/fpga-zynq/zc706/zc706_rocketchip/zc706_rocketchip.cache/30cf66ef/labtools_xsdb_master_lib.xdc:13]
get_clocks: Time (s): cpu = 00:00:12 ; elapsed = 00:00:11 . Memory (MB): peak = 6263.242 ; gain = 0.000
Finished Parsing XDC File [/scratch/skarandikar/fpga-zynq/zc706/zc706_rocketchip/.Xil/Vivado-91716-a8/dcp/rocketchip_wrapper.xdc]
Parsing XDC File [/scratch/skarandikar/fpga-zynq/zc706/zc706_rocketchip/.Xil/Vivado-91716-a8/dcp/rocketchip_wrapper_late.xdc]
Finished Parsing XDC File [/scratch/skarandikar/fpga-zynq/zc706/zc706_rocketchip/.Xil/Vivado-91716-a8/dcp/rocketchip_wrapper_late.xdc]
Reading XDEF placement.
Reading XDEF routing.
Read XDEF File: Time (s): cpu = 00:00:02 ; elapsed = 00:00:02 . Memory (MB): peak = 6263.242 ; gain = 0.000
Restoring placement.
Restored 11608 out of 11608 XDEF sites from archive | CPU: 7.800000 secs | Memory: 17.250191 MB |
INFO: [Opt 31-138] Pushed 0 inverter(s) to 0 load pin(s).
INFO: [Memdata 28-152] Did  not create MIG processor data. /scratch/skarandikar/fpga-zynq/zc706/zc706_rocketchip/zc706_rocketchip.srcs/sources_1/ip/gig_ethernet_pcs_pma_0/gig_ethernet_pcs_pma_0.xci
INFO: [Memdata 28-152] Did  not create MIG processor data. /scratch/skarandikar/fpga-zynq/zc706/zc706_rocketchip/zc706_rocketchip.srcs/sources_1/ip/tri_mode_ethernet_mac_0/tri_mode_ethernet_mac_0.xci
INFO: [Memdata 28-152] Did  not create MIG processor data. /scratch/skarandikar/fpga-zynq/zc706/zc706_rocketchip/zc706_rocketchip.srcs/sources_1/ip/ila_0/ila_0.xci
INFO: [Memdata 28-152] Did  not create MIG processor data. /scratch/skarandikar/fpga-zynq/zc706/zc706_rocketchip/zc706_rocketchip.srcs/sources_1/bd/system/ip/system_axi_interconnect_0_0/system_axi_interconnect_0_0.xci
INFO: [Memdata 28-152] Did  not create MIG processor data. /scratch/skarandikar/fpga-zynq/zc706/zc706_rocketchip/zc706_rocketchip.srcs/sources_1/bd/system/ip/system_axi_interconnect_1_0/system_axi_interconnect_1_0.xci
INFO: [Memdata 28-152] Did  not create MIG processor data. /scratch/skarandikar/fpga-zynq/zc706/zc706_rocketchip/zc706_rocketchip.srcs/sources_1/bd/system/ip/system_proc_sys_reset_0_0/system_proc_sys_reset_0_0.xci
INFO: [Memdata 28-152] Did  not create MIG processor data. /scratch/skarandikar/fpga-zynq/zc706/zc706_rocketchip/zc706_rocketchip.srcs/sources_1/bd/system/ip/system_processing_system7_0_0/system_processing_system7_0_0.xci
INFO: [Memdata 28-152] Did  not create MIG processor data. /scratch/skarandikar/fpga-zynq/zc706/zc706_rocketchip/zc706_rocketchip.srcs/sources_1/bd/system/ip/system_auto_pc_0/system_auto_pc_0.xci
INFO: [Memdata 28-152] Did  not create MIG processor data. /scratch/skarandikar/fpga-zynq/zc706/zc706_rocketchip/zc706_rocketchip.srcs/sources_1/bd/system/ip/system_auto_pc_1/system_auto_pc_1.xci
INFO: [Memdata 28-152] Did  not create MIG processor data. /scratch/skarandikar/fpga-zynq/zc706/zc706_rocketchip/zc706_rocketchip.srcs/sources_1/ip/gig_ethernet_pcs_pma_0/gig_ethernet_pcs_pma_0.xci
INFO: [Memdata 28-152] Did  not create MIG processor data. /scratch/skarandikar/fpga-zynq/zc706/zc706_rocketchip/zc706_rocketchip.srcs/sources_1/ip/tri_mode_ethernet_mac_0/tri_mode_ethernet_mac_0.xci
INFO: [Memdata 28-152] Did  not create MIG processor data. /scratch/skarandikar/fpga-zynq/zc706/zc706_rocketchip/zc706_rocketchip.srcs/sources_1/ip/ila_0/ila_0.xci
INFO: [Memdata 28-152] Did  not create MIG processor data. /scratch/skarandikar/fpga-zynq/zc706/zc706_rocketchip/zc706_rocketchip.srcs/sources_1/bd/system/ip/system_axi_interconnect_0_0/system_axi_interconnect_0_0.xci
INFO: [Memdata 28-152] Did  not create MIG processor data. /scratch/skarandikar/fpga-zynq/zc706/zc706_rocketchip/zc706_rocketchip.srcs/sources_1/bd/system/ip/system_axi_interconnect_1_0/system_axi_interconnect_1_0.xci
INFO: [Memdata 28-152] Did  not create MIG processor data. /scratch/skarandikar/fpga-zynq/zc706/zc706_rocketchip/zc706_rocketchip.srcs/sources_1/bd/system/ip/system_proc_sys_reset_0_0/system_proc_sys_reset_0_0.xci
INFO: [Memdata 28-152] Did  not create MIG processor data. /scratch/skarandikar/fpga-zynq/zc706/zc706_rocketchip/zc706_rocketchip.srcs/sources_1/bd/system/ip/system_processing_system7_0_0/system_processing_system7_0_0.xci
INFO: [Memdata 28-152] Did  not create MIG processor data. /scratch/skarandikar/fpga-zynq/zc706/zc706_rocketchip/zc706_rocketchip.srcs/sources_1/bd/system/ip/system_auto_pc_0/system_auto_pc_0.xci
INFO: [Memdata 28-152] Did  not create MIG processor data. /scratch/skarandikar/fpga-zynq/zc706/zc706_rocketchip/zc706_rocketchip.srcs/sources_1/bd/system/ip/system_auto_pc_1/system_auto_pc_1.xci
refresh_design: Time (s): cpu = 00:01:02 ; elapsed = 00:00:46 . Memory (MB): peak = 6269.250 ; gain = 43.062
report_timing_summary -delay_type min_max -report_unconstrained -check_timing_verbose -max_paths 10 -input_pins -name timing_1
INFO: [Timing 38-91] UpdateTimingParams: Speed grade: -2, Delay Type: min_max, Constraints type: SDC.
INFO: [Timing 38-191] Multithreading enabled for timing update using a maximum of 8 CPUs
report_timing_summary: Time (s): cpu = 00:00:46 ; elapsed = 00:00:12 . Memory (MB): peak = 6275.258 ; gain = 0.000
reset_run synth_1
launch_runs impl_1 -to_step write_bitstream
WARNING: [filemgmt 20-1763] Vivado Synthesis ignores library specification for Verilog or SystemVerilog files. [/scratch/skarandikar/fpga-zynq/zc706/zc706_rocketchip/zc706_rocketchip.srcs/sources_1/imports/example_design/fifo/tri_mode_ethernet_mac_0_bram_tdp.v]
WARNING: [filemgmt 20-1763] Vivado Synthesis ignores library specification for Verilog or SystemVerilog files. [/scratch/skarandikar/fpga-zynq/zc706/zc706_rocketchip/zc706_rocketchip.srcs/sources_1/imports/common/tri_mode_ethernet_mac_0_sync_block.v]
WARNING: [filemgmt 20-1763] Vivado Synthesis ignores library specification for Verilog or SystemVerilog files. [/scratch/skarandikar/fpga-zynq/zc706/zc706_rocketchip/zc706_rocketchip.srcs/sources_1/imports/example_design/fifo/tri_mode_ethernet_mac_0_tx_client_fifo.v]
WARNING: [filemgmt 20-1763] Vivado Synthesis ignores library specification for Verilog or SystemVerilog files. [/scratch/skarandikar/fpga-zynq/zc706/zc706_rocketchip/zc706_rocketchip.srcs/sources_1/imports/example_design/fifo/tri_mode_ethernet_mac_0_rx_client_fifo.v]
WARNING: [filemgmt 20-1763] Vivado Synthesis ignores library specification for Verilog or SystemVerilog files. [/scratch/skarandikar/fpga-zynq/zc706/zc706_rocketchip/zc706_rocketchip.srcs/sources_1/imports/example_design/support/tri_mode_ethernet_mac_0_support.v]
WARNING: [filemgmt 20-1763] Vivado Synthesis ignores library specification for Verilog or SystemVerilog files. [/scratch/skarandikar/fpga-zynq/zc706/zc706_rocketchip/zc706_rocketchip.srcs/sources_1/imports/example_design/fifo/tri_mode_ethernet_mac_0_ten_100_1g_eth_fifo.v]
WARNING: [filemgmt 20-1763] Vivado Synthesis ignores library specification for Verilog or SystemVerilog files. [/scratch/skarandikar/fpga-zynq/zc706/zc706_rocketchip/zc706_rocketchip.srcs/sources_1/imports/common/tri_mode_ethernet_mac_0_reset_sync.v]
WARNING: [filemgmt 20-1763] Vivado Synthesis ignores library specification for Verilog or SystemVerilog files. [/scratch/skarandikar/fpga-zynq/zc706/zc706_rocketchip/zc706_rocketchip.srcs/sources_1/imports/example_design/tri_mode_ethernet_mac_0_fifo_block.v]
WARNING: [filemgmt 20-1763] Vivado Synthesis ignores library specification for Verilog or SystemVerilog files. [/scratch/skarandikar/fpga-zynq/zc706/src/verilog/Top.DefaultFPGAConfig.v]
WARNING: [filemgmt 20-1763] Vivado Synthesis ignores library specification for Verilog or SystemVerilog files. [/scratch/skarandikar/fpga-zynq/zc706/src/verilog/clocking.vh]
WARNING: [filemgmt 20-1763] Vivado Synthesis ignores library specification for Verilog or SystemVerilog files. [/scratch/skarandikar/fpga-zynq/zc706/src/verilog/rocketchip_wrapper.v]
INFO: [Memdata 28-152] Did  not create MIG processor data. /scratch/skarandikar/fpga-zynq/zc706/zc706_rocketchip/zc706_rocketchip.srcs/sources_1/ip/gig_ethernet_pcs_pma_0/gig_ethernet_pcs_pma_0.xci
INFO: [Memdata 28-152] Did  not create MIG processor data. /scratch/skarandikar/fpga-zynq/zc706/zc706_rocketchip/zc706_rocketchip.srcs/sources_1/ip/tri_mode_ethernet_mac_0/tri_mode_ethernet_mac_0.xci
INFO: [Memdata 28-152] Did  not create MIG processor data. /scratch/skarandikar/fpga-zynq/zc706/zc706_rocketchip/zc706_rocketchip.srcs/sources_1/ip/ila_0/ila_0.xci
INFO: [Memdata 28-152] Did  not create MIG processor data. /scratch/skarandikar/fpga-zynq/zc706/zc706_rocketchip/zc706_rocketchip.srcs/sources_1/bd/system/ip/system_axi_interconnect_0_0/system_axi_interconnect_0_0.xci
INFO: [Memdata 28-152] Did  not create MIG processor data. /scratch/skarandikar/fpga-zynq/zc706/zc706_rocketchip/zc706_rocketchip.srcs/sources_1/bd/system/ip/system_axi_interconnect_1_0/system_axi_interconnect_1_0.xci
INFO: [Memdata 28-152] Did  not create MIG processor data. /scratch/skarandikar/fpga-zynq/zc706/zc706_rocketchip/zc706_rocketchip.srcs/sources_1/bd/system/ip/system_proc_sys_reset_0_0/system_proc_sys_reset_0_0.xci
INFO: [Memdata 28-152] Did  not create MIG processor data. /scratch/skarandikar/fpga-zynq/zc706/zc706_rocketchip/zc706_rocketchip.srcs/sources_1/bd/system/ip/system_processing_system7_0_0/system_processing_system7_0_0.xci
INFO: [Memdata 28-152] Did  not create MIG processor data. /scratch/skarandikar/fpga-zynq/zc706/zc706_rocketchip/zc706_rocketchip.srcs/sources_1/bd/system/ip/system_auto_pc_0/system_auto_pc_0.xci
INFO: [Memdata 28-152] Did  not create MIG processor data. /scratch/skarandikar/fpga-zynq/zc706/zc706_rocketchip/zc706_rocketchip.srcs/sources_1/bd/system/ip/system_auto_pc_1/system_auto_pc_1.xci
INFO: [Memdata 28-152] Did  not create MIG processor data. /scratch/skarandikar/fpga-zynq/zc706/zc706_rocketchip/zc706_rocketchip.srcs/sources_1/ip/gig_ethernet_pcs_pma_0/gig_ethernet_pcs_pma_0.xci
INFO: [Memdata 28-152] Did  not create MIG processor data. /scratch/skarandikar/fpga-zynq/zc706/zc706_rocketchip/zc706_rocketchip.srcs/sources_1/ip/tri_mode_ethernet_mac_0/tri_mode_ethernet_mac_0.xci
INFO: [Memdata 28-152] Did  not create MIG processor data. /scratch/skarandikar/fpga-zynq/zc706/zc706_rocketchip/zc706_rocketchip.srcs/sources_1/ip/ila_0/ila_0.xci
INFO: [Memdata 28-152] Did  not create MIG processor data. /scratch/skarandikar/fpga-zynq/zc706/zc706_rocketchip/zc706_rocketchip.srcs/sources_1/bd/system/ip/system_axi_interconnect_0_0/system_axi_interconnect_0_0.xci
INFO: [Memdata 28-152] Did  not create MIG processor data. /scratch/skarandikar/fpga-zynq/zc706/zc706_rocketchip/zc706_rocketchip.srcs/sources_1/bd/system/ip/system_axi_interconnect_1_0/system_axi_interconnect_1_0.xci
INFO: [Memdata 28-152] Did  not create MIG processor data. /scratch/skarandikar/fpga-zynq/zc706/zc706_rocketchip/zc706_rocketchip.srcs/sources_1/bd/system/ip/system_proc_sys_reset_0_0/system_proc_sys_reset_0_0.xci
INFO: [Memdata 28-152] Did  not create MIG processor data. /scratch/skarandikar/fpga-zynq/zc706/zc706_rocketchip/zc706_rocketchip.srcs/sources_1/bd/system/ip/system_processing_system7_0_0/system_processing_system7_0_0.xci
INFO: [Memdata 28-152] Did  not create MIG processor data. /scratch/skarandikar/fpga-zynq/zc706/zc706_rocketchip/zc706_rocketchip.srcs/sources_1/bd/system/ip/system_auto_pc_0/system_auto_pc_0.xci
INFO: [Memdata 28-152] Did  not create MIG processor data. /scratch/skarandikar/fpga-zynq/zc706/zc706_rocketchip/zc706_rocketchip.srcs/sources_1/bd/system/ip/system_auto_pc_1/system_auto_pc_1.xci
[Thu Nov 20 16:53:54 2014] Launched synth_1...
Run output will be captured here: /scratch/skarandikar/fpga-zynq/zc706/zc706_rocketchip/zc706_rocketchip.runs/synth_1/runme.log
[Thu Nov 20 16:53:54 2014] Launched impl_1...
Run output will be captured here: /scratch/skarandikar/fpga-zynq/zc706/zc706_rocketchip/zc706_rocketchip.runs/impl_1/runme.log
report_timing_summary -delay_type min_max -report_unconstrained -check_timing_verbose -max_paths 10 -input_pins -name timing_2
INFO: [Timing 38-91] UpdateTimingParams: Speed grade: -2, Delay Type: min_max, Constraints type: SDC.
INFO: [Timing 38-191] Multithreading enabled for timing update using a maximum of 8 CPUs
report_timing_summary: Time (s): cpu = 00:00:13 ; elapsed = 00:00:05 . Memory (MB): peak = 6275.258 ; gain = 0.000
refresh_design
INFO: [Netlist 29-17] Analyzing 1302 Unisim elements for replacement
INFO: [Netlist 29-28] Unisim Transformation completed in 0 CPU seconds
INFO: [Project 1-479] Netlist was created with Vivado 2014.2
Parsing XDC File [/scratch/skarandikar/fpga-zynq/zc706/zc706_rocketchip/.Xil/Vivado-91716-a8/dcp/rocketchip_wrapper_early.xdc]
Finished Parsing XDC File [/scratch/skarandikar/fpga-zynq/zc706/zc706_rocketchip/.Xil/Vivado-91716-a8/dcp/rocketchip_wrapper_early.xdc]
Parsing XDC File [/scratch/skarandikar/fpga-zynq/zc706/zc706_rocketchip/.Xil/Vivado-91716-a8/dcp/rocketchip_wrapper.xdc]
Finished Parsing XDC File [/scratch/skarandikar/fpga-zynq/zc706/zc706_rocketchip/.Xil/Vivado-91716-a8/dcp/rocketchip_wrapper.xdc]
Parsing XDC File [/scratch/skarandikar/fpga-zynq/zc706/zc706_rocketchip/.Xil/Vivado-91716-a8/dcp/rocketchip_wrapper_late.xdc]
INFO: [Timing 38-35] Done setting XDC timing constraints. [/scratch/skarandikar/fpga-zynq/zc706/zc706_rocketchip/zc706_rocketchip.srcs/sources_1/ip/tri_mode_ethernet_mac_0/synth/tri_mode_ethernet_mac_0_clocks.xdc:25]
INFO: [Timing 38-2] Deriving generated clocks [/scratch/skarandikar/fpga-zynq/zc706/zc706_rocketchip/zc706_rocketchip.srcs/sources_1/ip/tri_mode_ethernet_mac_0/synth/tri_mode_ethernet_mac_0_clocks.xdc:25]
get_clocks: Time (s): cpu = 00:00:14 ; elapsed = 00:00:11 . Memory (MB): peak = 6275.258 ; gain = 0.000
Finished Parsing XDC File [/scratch/skarandikar/fpga-zynq/zc706/zc706_rocketchip/.Xil/Vivado-91716-a8/dcp/rocketchip_wrapper_late.xdc]
Reading XDEF placement.
Reading XDEF routing.
Read XDEF File: Time (s): cpu = 00:00:02 ; elapsed = 00:00:02 . Memory (MB): peak = 6275.258 ; gain = 0.000
Restoring placement.
Restored 10753 out of 10753 XDEF sites from archive | CPU: 6.740000 secs | Memory: 88.645302 MB |
INFO: [Opt 31-138] Pushed 0 inverter(s) to 0 load pin(s).
INFO: [Memdata 28-152] Did  not create MIG processor data. /scratch/skarandikar/fpga-zynq/zc706/zc706_rocketchip/zc706_rocketchip.srcs/sources_1/ip/gig_ethernet_pcs_pma_0/gig_ethernet_pcs_pma_0.xci
INFO: [Memdata 28-152] Did  not create MIG processor data. /scratch/skarandikar/fpga-zynq/zc706/zc706_rocketchip/zc706_rocketchip.srcs/sources_1/ip/tri_mode_ethernet_mac_0/tri_mode_ethernet_mac_0.xci
INFO: [Memdata 28-152] Did  not create MIG processor data. /scratch/skarandikar/fpga-zynq/zc706/zc706_rocketchip/zc706_rocketchip.srcs/sources_1/ip/ila_0/ila_0.xci
INFO: [Memdata 28-152] Did  not create MIG processor data. /scratch/skarandikar/fpga-zynq/zc706/zc706_rocketchip/zc706_rocketchip.srcs/sources_1/bd/system/ip/system_axi_interconnect_0_0/system_axi_interconnect_0_0.xci
INFO: [Memdata 28-152] Did  not create MIG processor data. /scratch/skarandikar/fpga-zynq/zc706/zc706_rocketchip/zc706_rocketchip.srcs/sources_1/bd/system/ip/system_axi_interconnect_1_0/system_axi_interconnect_1_0.xci
INFO: [Memdata 28-152] Did  not create MIG processor data. /scratch/skarandikar/fpga-zynq/zc706/zc706_rocketchip/zc706_rocketchip.srcs/sources_1/bd/system/ip/system_proc_sys_reset_0_0/system_proc_sys_reset_0_0.xci
INFO: [Memdata 28-152] Did  not create MIG processor data. /scratch/skarandikar/fpga-zynq/zc706/zc706_rocketchip/zc706_rocketchip.srcs/sources_1/bd/system/ip/system_processing_system7_0_0/system_processing_system7_0_0.xci
INFO: [Memdata 28-152] Did  not create MIG processor data. /scratch/skarandikar/fpga-zynq/zc706/zc706_rocketchip/zc706_rocketchip.srcs/sources_1/bd/system/ip/system_auto_pc_0/system_auto_pc_0.xci
INFO: [Memdata 28-152] Did  not create MIG processor data. /scratch/skarandikar/fpga-zynq/zc706/zc706_rocketchip/zc706_rocketchip.srcs/sources_1/bd/system/ip/system_auto_pc_1/system_auto_pc_1.xci
INFO: [Memdata 28-152] Did  not create MIG processor data. /scratch/skarandikar/fpga-zynq/zc706/zc706_rocketchip/zc706_rocketchip.srcs/sources_1/ip/gig_ethernet_pcs_pma_0/gig_ethernet_pcs_pma_0.xci
INFO: [Memdata 28-152] Did  not create MIG processor data. /scratch/skarandikar/fpga-zynq/zc706/zc706_rocketchip/zc706_rocketchip.srcs/sources_1/ip/tri_mode_ethernet_mac_0/tri_mode_ethernet_mac_0.xci
INFO: [Memdata 28-152] Did  not create MIG processor data. /scratch/skarandikar/fpga-zynq/zc706/zc706_rocketchip/zc706_rocketchip.srcs/sources_1/ip/ila_0/ila_0.xci
INFO: [Memdata 28-152] Did  not create MIG processor data. /scratch/skarandikar/fpga-zynq/zc706/zc706_rocketchip/zc706_rocketchip.srcs/sources_1/bd/system/ip/system_axi_interconnect_0_0/system_axi_interconnect_0_0.xci
INFO: [Memdata 28-152] Did  not create MIG processor data. /scratch/skarandikar/fpga-zynq/zc706/zc706_rocketchip/zc706_rocketchip.srcs/sources_1/bd/system/ip/system_axi_interconnect_1_0/system_axi_interconnect_1_0.xci
INFO: [Memdata 28-152] Did  not create MIG processor data. /scratch/skarandikar/fpga-zynq/zc706/zc706_rocketchip/zc706_rocketchip.srcs/sources_1/bd/system/ip/system_proc_sys_reset_0_0/system_proc_sys_reset_0_0.xci
INFO: [Memdata 28-152] Did  not create MIG processor data. /scratch/skarandikar/fpga-zynq/zc706/zc706_rocketchip/zc706_rocketchip.srcs/sources_1/bd/system/ip/system_processing_system7_0_0/system_processing_system7_0_0.xci
INFO: [Memdata 28-152] Did  not create MIG processor data. /scratch/skarandikar/fpga-zynq/zc706/zc706_rocketchip/zc706_rocketchip.srcs/sources_1/bd/system/ip/system_auto_pc_0/system_auto_pc_0.xci
INFO: [Memdata 28-152] Did  not create MIG processor data. /scratch/skarandikar/fpga-zynq/zc706/zc706_rocketchip/zc706_rocketchip.srcs/sources_1/bd/system/ip/system_auto_pc_1/system_auto_pc_1.xci
refresh_design: Time (s): cpu = 00:00:46 ; elapsed = 00:00:33 . Memory (MB): peak = 6275.258 ; gain = 0.000
exit
INFO: [Common 17-206] Exiting Vivado at Fri Nov 21 13:49:19 2014...
