#-----------------------------------------------------------
# Vivado v2014.2 (64-bit)
# SW Build 932637 on Wed Jun 11 13:12:34 MDT 2014
# IP Build 924643 on Fri May 30 09:20:16 MDT 2014
# Start of session at: Thu Nov 20 15:51:14 2014
# Process ID: 87835
# Log file: /scratch/skarandikar/fpga-zynq/zc706/zc706_rocketchip/vivado.log
# Journal file: /scratch/skarandikar/fpga-zynq/zc706/zc706_rocketchip/vivado.jou
#-----------------------------------------------------------
start_gui
open_project zc706_rocketchip.xpr
Scanning sources...
Finished scanning sources
WARNING: [filemgmt 20-1763] Vivado Synthesis ignores library specification for Verilog or SystemVerilog files. [/scratch/skarandikar/fpga-zynq/zc706/zc706_rocketchip/zc706_rocketchip.srcs/sources_1/imports/example_design/fifo/tri_mode_ethernet_mac_0_bram_tdp.v]
WARNING: [filemgmt 20-1763] Vivado Synthesis ignores library specification for Verilog or SystemVerilog files. [/scratch/skarandikar/fpga-zynq/zc706/zc706_rocketchip/zc706_rocketchip.srcs/sources_1/imports/common/tri_mode_ethernet_mac_0_sync_block.v]
WARNING: [filemgmt 20-1763] Vivado Synthesis ignores library specification for Verilog or SystemVerilog files. [/scratch/skarandikar/fpga-zynq/zc706/zc706_rocketchip/zc706_rocketchip.srcs/sources_1/imports/example_design/fifo/tri_mode_ethernet_mac_0_tx_client_fifo.v]
WARNING: [filemgmt 20-1763] Vivado Synthesis ignores library specification for Verilog or SystemVerilog files. [/scratch/skarandikar/fpga-zynq/zc706/zc706_rocketchip/zc706_rocketchip.srcs/sources_1/imports/example_design/fifo/tri_mode_ethernet_mac_0_rx_client_fifo.v]
WARNING: [filemgmt 20-1763] Vivado Synthesis ignores library specification for Verilog or SystemVerilog files. [/scratch/skarandikar/fpga-zynq/zc706/zc706_rocketchip/zc706_rocketchip.srcs/sources_1/imports/example_design/support/tri_mode_ethernet_mac_0_support.v]
WARNING: [filemgmt 20-1763] Vivado Synthesis ignores library specification for Verilog or SystemVerilog files. [/scratch/skarandikar/fpga-zynq/zc706/zc706_rocketchip/zc706_rocketchip.srcs/sources_1/imports/example_design/fifo/tri_mode_ethernet_mac_0_ten_100_1g_eth_fifo.v]
WARNING: [filemgmt 20-1763] Vivado Synthesis ignores library specification for Verilog or SystemVerilog files. [/scratch/skarandikar/fpga-zynq/zc706/zc706_rocketchip/zc706_rocketchip.srcs/sources_1/imports/common/tri_mode_ethernet_mac_0_reset_sync.v]
WARNING: [filemgmt 20-1763] Vivado Synthesis ignores library specification for Verilog or SystemVerilog files. [/scratch/skarandikar/fpga-zynq/zc706/zc706_rocketchip/zc706_rocketchip.srcs/sources_1/imports/example_design/tri_mode_ethernet_mac_0_fifo_block.v]
WARNING: [filemgmt 20-1763] Vivado Synthesis ignores library specification for Verilog or SystemVerilog files. [/scratch/skarandikar/fpga-zynq/zc706/src/verilog/Top.DefaultFPGAConfig.v]
WARNING: [filemgmt 20-1763] Vivado Synthesis ignores library specification for Verilog or SystemVerilog files. [/scratch/skarandikar/fpga-zynq/zc706/src/verilog/clocking.vh]
WARNING: [filemgmt 20-1763] Vivado Synthesis ignores library specification for Verilog or SystemVerilog files. [/scratch/skarandikar/fpga-zynq/zc706/src/verilog/rocketchip_wrapper.v]
INFO: [IP_Flow 19-234] Refreshing IP repositories
INFO: [IP_Flow 19-1704] No user IP repositories specified
INFO: [IP_Flow 19-2313] Loaded Vivado IP repository '/ecad/tools/xilinx/Vivado/2014.2/data/ip'.
open_project: Time (s): cpu = 00:00:23 ; elapsed = 00:00:06 . Memory (MB): peak = 4830.555 ; gain = 190.754
open_bd_design {/scratch/skarandikar/fpga-zynq/zc706/zc706_rocketchip/zc706_rocketchip.srcs/sources_1/bd/system/system.bd}
Adding component instance block -- xilinx.com:ip:proc_sys_reset:5.0 - proc_sys_reset_0
Adding component instance block -- xilinx.com:ip:processing_system7:5.4 - processing_system7_0
Adding component instance block -- xilinx.com:ip:axi_protocol_converter:2.1 - auto_pc
Adding component instance block -- xilinx.com:ip:axi_protocol_converter:2.1 - auto_pc
Successfully read diagram <system> from BD file </scratch/skarandikar/fpga-zynq/zc706/zc706_rocketchip/zc706_rocketchip.srcs/sources_1/bd/system/system.bd>
open_bd_design: Time (s): cpu = 00:00:09 ; elapsed = 00:00:08 . Memory (MB): peak = 4895.020 ; gain = 54.457
exit
INFO: [Common 17-206] Exiting Vivado at Thu Nov 20 16:01:58 2014...
