#-----------------------------------------------------------
# Vivado v2014.2 (64-bit)
# SW Build 932637 on Wed Jun 11 13:12:34 MDT 2014
# IP Build 924643 on Fri May 30 09:20:16 MDT 2014
# Start of session at: Fri Nov 14 16:55:31 2014
# Process ID: 127876
# Log file: /scratch/skarandikar/fpga-zynq/zc706/zc706_rocketchip/vivado.log
# Journal file: /scratch/skarandikar/fpga-zynq/zc706/zc706_rocketchip/vivado.jou
#-----------------------------------------------------------
start_gui
open_project zc706_rocketchip.xpr
Scanning sources...
Finished scanning sources
WARNING: [filemgmt 20-1763] Vivado Synthesis ignores library specification for Verilog or SystemVerilog files. [/scratch/skarandikar/fpga-zynq/zc706/src/verilog/Top.DefaultFPGAConfig.v]
WARNING: [filemgmt 20-1763] Vivado Synthesis ignores library specification for Verilog or SystemVerilog files. [/scratch/skarandikar/fpga-zynq/zc706/src/verilog/clocking.vh]
WARNING: [filemgmt 20-1763] Vivado Synthesis ignores library specification for Verilog or SystemVerilog files. [/scratch/skarandikar/fpga-zynq/zc706/src/verilog/rocketchip_wrapper.v]
INFO: [IP_Flow 19-234] Refreshing IP repositories
INFO: [IP_Flow 19-1704] No user IP repositories specified
INFO: [IP_Flow 19-2313] Loaded Vivado IP repository '/ecad/tools/xilinx/Vivado/2014.2/data/ip'.
open_project: Time (s): cpu = 00:00:22 ; elapsed = 00:00:05 . Memory (MB): peak = 4786.707 ; gain = 150.605
create_ip -name tri_mode_ethernet_mac -vendor xilinx.com -library ip -module_name tri_mode_ethernet_mac_0
set_property -dict [list CONFIG.Physical_Interface {Internal} CONFIG.MAC_Speed {1000_Mbps} CONFIG.Number_of_Table_Entries {0}] [get_ips tri_mode_ethernet_mac_0]
generate_target {instantiation_template} [get_files /scratch/skarandikar/fpga-zynq/zc706/zc706_rocketchip/zc706_rocketchip.srcs/sources_1/ip/tri_mode_ethernet_mac_0/tri_mode_ethernet_mac_0.xci]
INFO: [IP_Flow 19-1686] Generating 'Instantiation Template' target for IP 'tri_mode_ethernet_mac_0'...
update_compile_order -fileset sources_1
generate_target all [get_files  /scratch/skarandikar/fpga-zynq/zc706/zc706_rocketchip/zc706_rocketchip.srcs/sources_1/ip/tri_mode_ethernet_mac_0/tri_mode_ethernet_mac_0.xci]
INFO: [IP_Flow 19-1706] Not generating 'Instantiation Template' target for IP 'tri_mode_ethernet_mac_0'. Target already exists and is up to date.
INFO: [IP_Flow 19-1686] Generating 'Synthesis' target for IP 'tri_mode_ethernet_mac_0'...
INFO: [IP_Flow 19-1686] Generating 'Simulation' target for IP 'tri_mode_ethernet_mac_0'...
INFO: [IP_Flow 19-1686] Generating 'Change Log' target for IP 'tri_mode_ethernet_mac_0'...
generate_target: Time (s): cpu = 00:00:18 ; elapsed = 00:00:19 . Memory (MB): peak = 4806.133 ; gain = 0.000
create_ip_run [get_files -of_objects [get_fileset sources_1] /scratch/skarandikar/fpga-zynq/zc706/zc706_rocketchip/zc706_rocketchip.srcs/sources_1/ip/tri_mode_ethernet_mac_0/tri_mode_ethernet_mac_0.xci]
launch_run  tri_mode_ethernet_mac_0_synth_1
[Fri Nov 14 16:58:18 2014] Launched tri_mode_ethernet_mac_0_synth_1...
Run output will be captured here: /scratch/skarandikar/fpga-zynq/zc706/zc706_rocketchip/zc706_rocketchip.runs/tri_mode_ethernet_mac_0_synth_1/runme.log
open_example_project -force -dir /scratch/skarandikar/new [get_ips  tri_mode_ethernet_mac_0]
INFO: [IP_Flow 19-1686] Generating 'Examples' target for IP 'tri_mode_ethernet_mac_0'...
open_example_project: Time (s): cpu = 00:00:04 ; elapsed = 00:00:25 . Memory (MB): peak = 4844.828 ; gain = 0.000
import_files -norecurse {/scratch/skarandikar/new/tri_mode_ethernet_mac_0_example/tri_mode_ethernet_mac_0_example.srcs/sources_1/imports/example_design/tri_mode_ethernet_mac_0_fifo_block.v /scratch/skarandikar/new/tri_mode_ethernet_mac_0_example/tri_mode_ethernet_mac_0_example.srcs/sources_1/imports/example_design/fifo/tri_mode_ethernet_mac_0_ten_100_1g_eth_fifo.v /scratch/skarandikar/new/tri_mode_ethernet_mac_0_example/tri_mode_ethernet_mac_0_example.srcs/sources_1/imports/example_design/fifo/tri_mode_ethernet_mac_0_rx_client_fifo.v /scratch/skarandikar/new/tri_mode_ethernet_mac_0_example/tri_mode_ethernet_mac_0_example.srcs/sources_1/imports/example_design/support/tri_mode_ethernet_mac_0_support.v /scratch/skarandikar/new/tri_mode_ethernet_mac_0_example/tri_mode_ethernet_mac_0_example.srcs/sources_1/imports/example_design/fifo/tri_mode_ethernet_mac_0_tx_client_fifo.v /scratch/skarandikar/new/tri_mode_ethernet_mac_0_example/tri_mode_ethernet_mac_0_example.srcs/sources_1/imports/example_design/fifo/tri_mode_ethernet_mac_0_bram_tdp.v}
update_compile_order -fileset sources_1
import_files -norecurse /scratch/skarandikar/new/tri_mode_ethernet_mac_0_example/tri_mode_ethernet_mac_0_example.srcs/sources_1/imports/example_design/common/tri_mode_ethernet_mac_0_reset_sync.v
update_compile_order -fileset sources_1
import_files -norecurse /scratch/skarandikar/new/tri_mode_ethernet_mac_0_example/tri_mode_ethernet_mac_0_example.srcs/sources_1/imports/example_design/common/tri_mode_ethernet_mac_0_sync_block.v
update_compile_order -fileset sources_1
update_compile_order -fileset sources_1
exit
INFO: [Common 17-206] Exiting Vivado at Fri Nov 14 17:23:22 2014...
